
> vibe-generated-app@1.0.0 dev
> vite


  VITE v5.4.20  ready in 254 ms

  ➜  Local:   http://localhost:3000/
  ➜  Network: http://172.20.1.141:3000/
2:43:47 PM [vite] Pre-transform error: Transform failed with 1 error:
/home/workspace/src/App.jsx:45:34: ERROR: Expected ";" but found "n"
2:43:54 PM [vite] Internal server error: Transform failed with 1 error:
/home/workspace/src/App.jsx:45:34: ERROR: Expected ";" but found "n"
  Plugin: vite:esbuild
  File: /home/workspace/src/App.jsx:45:34
  
  Expected ";" but found "n"
  43 |    }, [quote])
  44 |  
  45 |    const requestEstimate = async ()n  => {
     |                                    ^
  46 |      setLoading(true)
  47 |      setError('')
  
      at failureErrorWithLog (/home/workspace/node_modules/esbuild/lib/main.js:1472:15)
      at /home/workspace/node_modules/esbuild/lib/main.js:755:50
      at responseCallbacks.<computed> (/home/workspace/node_modules/esbuild/lib/main.js:622:9)
      at handleIncomingPacket (/home/workspace/node_modules/esbuild/lib/main.js:677:12)
      at Socket.readFromStdout (/home/workspace/node_modules/esbuild/lib/main.js:600:7)
      at Socket.emit (node:events:508:28)
      at addChunk (node:internal/streams/readable:559:12)
      at readableAddChunkPushByteMode (node:internal/streams/readable:510:3)
      at Readable.push (node:internal/streams/readable:390:5)
      at Pipe.onStreamRead (node:internal/stream_base_commons:189:23)
2:44:03 PM [vite] Internal server error: Transform failed with 1 error:
/home/workspace/src/App.jsx:45:34: ERROR: Expected ";" but found "n"
  Plugin: vite:esbuild
  File: /home/workspace/src/App.jsx:45:34
  
  Expected ";" but found "n"
  43 |    }, [quote])
  44 |  
  45 |    const requestEstimate = async ()n  => {
     |                                    ^
  46 |      setLoading(true)
  47 |      setError('')
  
      at failureErrorWithLog (/home/workspace/node_modules/esbuild/lib/main.js:1472:15)
      at /home/workspace/node_modules/esbuild/lib/main.js:755:50
      at responseCallbacks.<computed> (/home/workspace/node_modules/esbuild/lib/main.js:622:9)
      at handleIncomingPacket (/home/workspace/node_modules/esbuild/lib/main.js:677:12)
      at Socket.readFromStdout (/home/workspace/node_modules/esbuild/lib/main.js:600:7)
      at Socket.emit (node:events:508:28)
      at addChunk (node:internal/streams/readable:559:12)
      at readableAddChunkPushByteMode (node:internal/streams/readable:510:3)
      at Readable.push (node:internal/streams/readable:390:5)
      at Pipe.onStreamRead (node:internal/stream_base_commons:189:23)
